<?xml version="1.0" encoding="UTF-8"?>
<testng-results ignored="0" total="2" passed="1" failed="1" skipped="0">
  <reporter-output>
  </reporter-output>
  <suite started-at="2021-07-18T16:33:45Z" name="Web-Automation practice" finished-at="2021-07-18T16:34:00Z" duration-ms="14223">
    <groups>
    </groups>
    <test started-at="2021-07-18T16:33:45Z" name="D:/qc-4sale-automated-tests" finished-at="2021-07-18T16:34:00Z" duration-ms="14223">
      <class name="tests.AuthenticationTestGit">
        <test-method is-config="true" signature="initiateDriver()[pri:0, instance:tests.AuthenticationTestGit@6385cb26]" started-at="2021-07-18T16:33:46Z" name="initiateDriver" finished-at="2021-07-18T16:33:54Z" duration-ms="8846" status="PASS">
          <reporter-output>
          </reporter-output>
        </test-method> <!-- initiateDriver -->
        <test-method is-config="true" signature="beforeMethod()[pri:0, instance:tests.AuthenticationTestGit@6385cb26]" started-at="2021-07-18T16:33:54Z" name="beforeMethod" finished-at="2021-07-18T16:33:54Z" duration-ms="2" status="PASS">
          <reporter-output>
          </reporter-output>
        </test-method> <!-- beforeMethod -->
        <test-method signature="registerWithInValidMail()[pri:1, instance:tests.AuthenticationTestGit@6385cb26]" started-at="2021-07-18T16:33:54Z" name="registerWithInValidMail" finished-at="2021-07-18T16:33:57Z" duration-ms="2983" status="FAIL">
          <exception class="java.lang.AssertionError">
            <message>
              <![CDATA[Create an account page is displayed expected [false] but found [true]]]>
            </message>
            <full-stacktrace>
              <![CDATA[java.lang.AssertionError: Create an account page is displayed expected [false] but found [true]
at org.testng.Assert.fail(Assert.java:96)
at org.testng.Assert.failNotEquals(Assert.java:776)
at org.testng.Assert.assertFalse(Assert.java:65)
at tests.AuthenticationTestGit.registerWithInValidMail(AuthenticationTestGit.java:29)
at java.base/jdk.internal.reflect.NativeMethodAccessorImpl.invoke0(Native Method)
at java.base/jdk.internal.reflect.NativeMethodAccessorImpl.invoke(NativeMethodAccessorImpl.java:78)
at java.base/jdk.internal.reflect.DelegatingMethodAccessorImpl.invoke(DelegatingMethodAccessorImpl.java:43)
at java.base/java.lang.reflect.Method.invoke(Method.java:567)
at org.testng.internal.MethodInvocationHelper.invokeMethod(MethodInvocationHelper.java:124)
at org.testng.internal.Invoker.invokeMethod(Invoker.java:583)
at org.testng.internal.Invoker.invokeTestMethod(Invoker.java:719)
at org.testng.internal.Invoker.invokeTestMethods(Invoker.java:989)
at org.testng.internal.TestMethodWorker.invokeTestMethods(TestMethodWorker.java:125)
at org.testng.internal.TestMethodWorker.run(TestMethodWorker.java:109)
at org.testng.TestRunner.privateRun(TestRunner.java:648)
at org.testng.TestRunner.run(TestRunner.java:505)
at org.testng.SuiteRunner.runTest(SuiteRunner.java:455)
at org.testng.SuiteRunner.runSequentially(SuiteRunner.java:450)
at org.testng.SuiteRunner.privateRun(SuiteRunner.java:415)
at org.testng.SuiteRunner.run(SuiteRunner.java:364)
at org.testng.SuiteRunnerWorker.runSuite(SuiteRunnerWorker.java:52)
at org.testng.SuiteRunnerWorker.run(SuiteRunnerWorker.java:84)
at org.testng.TestNG.runSuitesSequentially(TestNG.java:1208)
at org.testng.TestNG.runSuitesLocally(TestNG.java:1137)
at org.testng.TestNG.runSuites(TestNG.java:1049)
at org.testng.TestNG.run(TestNG.java:1017)
at org.apache.maven.surefire.testng.TestNGExecutor.run(TestNGExecutor.java:283)
at org.apache.maven.surefire.testng.TestNGXmlTestSuite.execute(TestNGXmlTestSuite.java:75)
at org.apache.maven.surefire.testng.TestNGProvider.invoke(TestNGProvider.java:120)
at org.apache.maven.surefire.booter.ForkedBooter.invokeProviderInSameClassLoader(ForkedBooter.java:384)
at org.apache.maven.surefire.booter.ForkedBooter.runSuitesInProcess(ForkedBooter.java:345)
at org.apache.maven.surefire.booter.ForkedBooter.execute(ForkedBooter.java:126)
at org.apache.maven.surefire.booter.ForkedBooter.main(ForkedBooter.java:418)
]]>
            </full-stacktrace>
          </exception> <!-- java.lang.AssertionError -->
          <reporter-output>
          </reporter-output>
        </test-method> <!-- registerWithInValidMail -->
        <test-method is-config="true" signature="afterMethod()[pri:0, instance:tests.AuthenticationTestGit@6385cb26]" started-at="2021-07-18T16:33:57Z" name="afterMethod" finished-at="2021-07-18T16:33:57Z" duration-ms="8" status="PASS">
          <reporter-output>
          </reporter-output>
        </test-method> <!-- afterMethod -->
        <test-method is-config="true" signature="beforeMethod()[pri:0, instance:tests.AuthenticationTestGit@6385cb26]" started-at="2021-07-18T16:33:57Z" name="beforeMethod" finished-at="2021-07-18T16:33:57Z" duration-ms="1" status="PASS">
          <reporter-output>
          </reporter-output>
        </test-method> <!-- beforeMethod -->
        <test-method signature="registerWithValidMail()[pri:2, instance:tests.AuthenticationTestGit@6385cb26]" started-at="2021-07-18T16:33:57Z" name="registerWithValidMail" finished-at="2021-07-18T16:33:59Z" duration-ms="1978" status="PASS">
          <reporter-output>
          </reporter-output>
        </test-method> <!-- registerWithValidMail -->
        <test-method is-config="true" signature="afterMethod()[pri:0, instance:tests.AuthenticationTestGit@6385cb26]" started-at="2021-07-18T16:33:59Z" name="afterMethod" finished-at="2021-07-18T16:33:59Z" duration-ms="16" status="PASS">
          <reporter-output>
          </reporter-output>
        </test-method> <!-- afterMethod -->
        <test-method is-config="true" signature="quitDriver()[pri:0, instance:tests.AuthenticationTestGit@6385cb26]" started-at="2021-07-18T16:33:59Z" name="quitDriver" finished-at="2021-07-18T16:34:00Z" duration-ms="323" status="PASS">
          <reporter-output>
          </reporter-output>
        </test-method> <!-- quitDriver -->
      </class> <!-- tests.AuthenticationTestGit -->
    </test> <!-- D:/qc-4sale-automated-tests -->
  </suite> <!-- Web-Automation practice -->
</testng-results>
